<?xml version="1.0" encoding="UTF-8" ?>
<testsuite tests="11" failures="0" name="com.sg.vendingmachine.service.ServiceTest" time="0.011" errors="0" skipped="0">
  <properties>
    <property name="java.runtime.name" value="Java(TM) SE Runtime Environment"/>
    <property name="java.vm.version" value="17.0.1+12-LTS-39"/>
    <property name="sun.boot.library.path" value="C:\Program Files\Java\jdk-17.0.1\bin"/>
    <property name="user.country.format" value="NG"/>
    <property name="maven.multiModuleProjectDirectory" value="C:\Users\Hugo-Tech-364\Documents\NetBeansProjects\VendingMachine"/>
    <property name="java.vm.vendor" value="Oracle Corporation"/>
    <property name="java.vendor.url" value="https://java.oracle.com/"/>
    <property name="guice.disable.misplaced.annotation.check" value="true"/>
    <property name="path.separator" value=";"/>
    <property name="java.vm.name" value="Java HotSpot(TM) 64-Bit Server VM"/>
    <property name="sun.os.patch.level" value=""/>
    <property name="user.script" value=""/>
    <property name="user.country" value="US"/>
    <property name="sun.java.launcher" value="SUN_STANDARD"/>
    <property name="java.vm.specification.name" value="Java Virtual Machine Specification"/>
    <property name="user.dir" value="C:\Users\Hugo-Tech-364\Documents\NetBeansProjects\VendingMachine"/>
    <property name="java.vm.compressedOopsMode" value="32-bit"/>
    <property name="java.runtime.version" value="17.0.1+12-LTS-39"/>
    <property name="os.arch" value="amd64"/>
    <property name="java.io.tmpdir" value="C:\Users\HUGO-T~1\AppData\Local\Temp\"/>
    <property name="line.separator" value="
"/>
    <property name="java.vm.specification.vendor" value="Oracle Corporation"/>
    <property name="user.variant" value=""/>
    <property name="os.name" value="Windows 10"/>
    <property name="maven.ext.class.path" value="C:\Program Files\NetBeans-12.0\netbeans\java\maven-nblib\netbeans-eventspy.jar"/>
    <property name="classworlds.conf" value="C:\Program Files\NetBeans-12.0\netbeans\java\maven\bin\..\bin\m2.conf"/>
    <property name="sun.jnu.encoding" value="Cp1252"/>
    <property name="java.library.path" value="C:\Program Files\Java\jdk-17.0.1\bin;C:\Windows\Sun\Java\bin;C:\Windows\system32;C:\Windows;C:\Program Files\Microsoft\jdk-11.0.12.7-hotspot\bin;C:\Program Files\Common Files\Oracle\Java\javapath;C:\Windows\system32;C:\Windows;C:\Windows\System32\Wbem;C:\Windows\System32\WindowsPowerShell\v1.0\;C:\Windows\System32\OpenSSH\;C:\ProgramData\chocolatey\bin;C:\Program Files\Git\cmd;C:\php-8.1.4;C:\php;C:\Program Files\dotnet\;C:\Users\Hugo-Tech-364\AppData\Local\Programs\Python\Python310\Scripts\pip;C:\Users\Hugo-Tech-364\AppData\Local\Programs\Python\Python310\Scripts;C:\Program Files\Microsoft SQL Server\150\Tools\Binn\;C:\Program Files\Microsoft SQL Server\Client SDK\ODBC\170\Tools\Binn\;C:\Program Files\Common Files\Oracle\Java\javapath;C:\Windows\system32;C:\Windows;C:\Windows\System32\Wbem;C:\Windows\System32\WindowsPowerShell\v1.0\;C:\Windows\System32\OpenSSH\;C:\ProgramData\chocolatey\bin;C:\Program Files\Git\cmd;C:\php-8.1.4;C:\php;C:\Program Files\dotnet\;C:\php-8.1.4;C:\Users\Hugo-Tech-364\AppData\Local\Programs\Python\Python310\;C:\Users\Hugo-Tech-364\AppData\Local\Microsoft\WindowsApps;C:\Users\Hugo-Tech-364\AppData\Local\Programs\Microsoft VS Code\bin;C:\Users\Hugo-Tech-364\Downloads\Compressed\node-v14.17.6-win-x64;C:\php-8.1.4;C:\php;C:\Users\Hugo-Tech-364\.dotnet\tools;C:\Python39\Scripts;C:\Users\Hugo-Tech-364\AppData\Local\Programs\Python\Python310\Scripts\pip;C:\Users\Hugo-Tech-364\AppData\Local\Programs\Python\Python310\Scripts;C:\Users\Hugo-Tech-364\.dotnet\tools;."/>
    <property name="maven.conf" value="C:\Program Files\NetBeans-12.0\netbeans\java\maven\bin\../conf"/>
    <property name="jdk.debug" value="release"/>
    <property name="java.class.version" value="61.0"/>
    <property name="java.specification.name" value="Java Platform API Specification"/>
    <property name="sun.management.compiler" value="HotSpot 64-Bit Tiered Compilers"/>
    <property name="os.version" value="10.0"/>
    <property name="library.jansi.path" value="C:\Program Files\NetBeans-12.0\netbeans\java\maven\bin\..\lib\jansi-native"/>
    <property name="user.home" value="C:\Users\Hugo-Tech-364"/>
    <property name="user.timezone" value="Africa/Lagos"/>
    <property name="file.encoding" value="UTF-8"/>
    <property name="java.specification.version" value="17"/>
    <property name="user.name" value="Hugo-Tech-364"/>
    <property name="java.class.path" value="C:\Program Files\NetBeans-12.0\netbeans\java\maven\bin\..\boot\plexus-classworlds-2.6.0.jar"/>
    <property name="java.vm.specification.version" value="17"/>
    <property name="sun.arch.data.model" value="64"/>
    <property name="sun.java.command" value="org.codehaus.plexus.classworlds.launcher.Launcher -Dmaven.ext.class.path=C:\Program Files\NetBeans-12.0\netbeans\java\maven-nblib\netbeans-eventspy.jar -Dfile.encoding=UTF-8 install"/>
    <property name="java.home" value="C:\Program Files\Java\jdk-17.0.1"/>
    <property name="user.language" value="en"/>
    <property name="java.specification.vendor" value="Oracle Corporation"/>
    <property name="java.vm.info" value="mixed mode, sharing"/>
    <property name="java.version" value="17.0.1"/>
    <property name="native.encoding" value="Cp1252"/>
    <property name="java.vendor" value="Oracle Corporation"/>
    <property name="maven.home" value="C:\Program Files\NetBeans-12.0\netbeans\java\maven\bin\.."/>
    <property name="file.separator" value="\"/>
    <property name="java.version.date" value="2021-10-19"/>
    <property name="java.vendor.url.bug" value="https://bugreport.java.com/bugreport/"/>
    <property name="sun.io.unicode.encoding" value="UnicodeLittle"/>
    <property name="sun.cpu.endian" value="little"/>
    <property name="sun.cpu.isalist" value="amd64"/>
  </properties>
  <testcase classname="com.sg.vendingmachine.service.ServiceTest" name="testReduceInventory" time="0"/>
  <testcase classname="com.sg.vendingmachine.service.ServiceTest" name="testAddItemsAndListAllItems" time="0"/>
  <testcase classname="com.sg.vendingmachine.service.ServiceTest" name="testSetSelectedItemPrice" time="0.001"/>
  <testcase classname="com.sg.vendingmachine.service.ServiceTest" name="testSetDepositAmount" time="0"/>
  <testcase classname="com.sg.vendingmachine.service.ServiceTest" name="testSetDepositAmount2" time="0.001"/>
  <testcase classname="com.sg.vendingmachine.service.ServiceTest" name="testSetDepositAmount3" time="0"/>
  <testcase classname="com.sg.vendingmachine.service.ServiceTest" name="testSetDepositAmount4" time="0"/>
  <testcase classname="com.sg.vendingmachine.service.ServiceTest" name="testMakeChange1" time="0.007"/>
  <testcase classname="com.sg.vendingmachine.service.ServiceTest" name="testGetAmountDue" time="0.001"/>
  <testcase classname="com.sg.vendingmachine.service.ServiceTest" name="testgetSingleItem" time="0.001"/>
  <testcase classname="com.sg.vendingmachine.service.ServiceTest" name="testGetDepositAmount" time="0"/>
</testsuite>